<?xml version="1.0" encoding="UTF-8"?>
<testng-results total="1" passed="1" failed="0" skipped="0">
  <reporter-output>
  </reporter-output>
  <suite started-at="2021-04-29T17:04:49Z" name="Suite1" finished-at="2021-04-29T17:04:49Z" duration-ms="836">
    <groups>
    </groups>
    <test started-at="2021-04-29T17:04:49Z" name="Regression1" finished-at="2021-04-29T17:04:49Z" duration-ms="836">
      <class name="PostCodeTest">
        <test-method signature="invalidPostCodeStatusCodeVerification()[pri:0, instance:PostCodeTest@40a4337a]" started-at="2021-04-29T18:04:49Z" name="invalidPostCodeStatusCodeVerification" finished-at="2021-04-29T18:04:49Z" duration-ms="829" status="PASS">
          <reporter-output>
          </reporter-output>
        </test-method> <!-- invalidPostCodeStatusCodeVerification -->
      </class> <!-- PostCodeTest -->
    </test> <!-- Regression1 -->
  </suite> <!-- Suite1 -->
</testng-results>
