<?xml version="1.0" encoding="UTF-8"?>
<testsuite xmlns:xsi="http://www.w3.org/2001/XMLSchema-instance" xsi:noNamespaceSchemaLocation="https://maven.apache.org/surefire/maven-surefire-plugin/xsd/surefire-test-report-3.0.xsd" version="3.0" name="TestSuite" time="6.084" tests="1" errors="0" skipped="0" failures="0">
  <properties>
[...]
</properties>
  <testcase name="invalidPostCodeStatusCodeVerification" classname="PostCodeTest" time="0.834">
    <system-out><![CDATA[<200 OK,{"name":"Luke Skywalker","height":"172","mass":"77","hair_color":"blond","skin_color":"fair","eye_color":"blue","birth_year":"19BBY","gender":"male","homeworld":"http://swapi.dev/api/planets/1/","films":["http://swapi.dev/api/films/1/","http://swapi.dev/api/films/2/","http://swapi.dev/api/films/3/","http://swapi.dev/api/films/6/"],"species":[],"vehicles":["http://swapi.dev/api/vehicles/14/","http://swapi.dev/api/vehicles/30/"],"starships":["http://swapi.dev/api/starships/12/","http://swapi.dev/api/starships/22/"],"created":"2014-12-09T13:50:51.644000Z","edited":"2014-12-20T21:17:56.891000Z","url":"http://swapi.dev/api/people/1/"},{Server=[nginx/1.16.1], Date=[Thu, 29 Apr 2021 17:04:49 GMT], Content-Type=[application/json], Transfer-Encoding=[chunked], Connection=[keep-alive], Vary=[Accept, Cookie], X-Frame-Options=[SAMEORIGIN], ETag=["bf44153838a0871ffc5cc3aaee8029d0"], Allow=[GET, HEAD, OPTIONS], Strict-Transport-Security=[max-age=15768000]}>
]]></system-out>
  </testcase>
</testsuite>